<?xml version="1.0" encoding="UTF-8"?>
<!-- Generated by org.testng.reporters.JUnitReportReporter -->
<testsuite hostname="Lokesh" failures="0" tests="1" name="com.hrms.testscripts.TC002" time="4.418" errors="0" timestamp="6 Aug 2022 09:21:20 GMT">
  <testcase classname="com.hrms.testscripts.TC002" name="TC002" time="4.418"/>
</testsuite> <!-- com.hrms.testscripts.TC002 -->
